0 info it worked if it ends with ok
1 verbose cli [ 'node', '/usr/local/bin/npm', 'start' ]
2 info using npm@3.5.2
3 info using node@v0.12.4
4 verbose run-script [ 'prestart', 'start', 'poststart' ]
5 info lifecycle GETfit@0.0.0~prestart: GETfit@0.0.0
6 silly lifecycle GETfit@0.0.0~prestart: no script for prestart, continuing
7 info lifecycle GETfit@0.0.0~start: GETfit@0.0.0
8 verbose lifecycle GETfit@0.0.0~start: unsafe-perm in lifecycle true
9 verbose lifecycle GETfit@0.0.0~start: PATH: /usr/local/lib/node_modules/npm/bin/node-gyp-bin:/Users/richardhsu/Desktop/GETfit/node_modules/.bin:/Library/Frameworks/Python.framework/Versions/3.5/bin:/usr/local/bin:/Library/Frameworks/Python.framework/Versions/Current/bin:/Applications/MAMP/bin/php/php5.6.10/bin:/usr/local/bin:/usr/bin:/bin:/usr/sbin:/sbin:/opt/X11/bin:/usr/local/git/bin
10 verbose lifecycle GETfit@0.0.0~start: CWD: /Users/richardhsu/Desktop/GETfit
11 silly lifecycle GETfit@0.0.0~start: Args: [ '-c', 'node ./bin/www' ]
12 silly lifecycle GETfit@0.0.0~start: Returned: code: 1  signal: null
13 info lifecycle GETfit@0.0.0~start: Failed to exec start script
14 verbose stack Error: GETfit@0.0.0 start: `node ./bin/www`
14 verbose stack Exit status 1
14 verbose stack     at EventEmitter.<anonymous> (/usr/local/lib/node_modules/npm/lib/utils/lifecycle.js:232:16)
14 verbose stack     at EventEmitter.emit (events.js:110:17)
14 verbose stack     at ChildProcess.<anonymous> (/usr/local/lib/node_modules/npm/lib/utils/spawn.js:24:14)
14 verbose stack     at ChildProcess.emit (events.js:110:17)
14 verbose stack     at maybeClose (child_process.js:1015:16)
14 verbose stack     at Process.ChildProcess._handle.onexit (child_process.js:1087:5)
15 verbose pkgid GETfit@0.0.0
16 verbose cwd /Users/richardhsu/Desktop/GETfit
17 error Darwin 14.5.0
18 error argv "node" "/usr/local/bin/npm" "start"
19 error node v0.12.4
20 error npm  v3.5.2
21 error code ELIFECYCLE
22 error GETfit@0.0.0 start: `node ./bin/www`
22 error Exit status 1
23 error Failed at the GETfit@0.0.0 start script 'node ./bin/www'.
23 error Make sure you have the latest version of node.js and npm installed.
23 error If you do, this is most likely a problem with the GETfit package,
23 error not with npm itself.
23 error Tell the author that this fails on your system:
23 error     node ./bin/www
23 error You can get information on how to open an issue for this project with:
23 error     npm bugs GETfit
23 error Or if that isn't available, you can get their info via:
23 error     npm owner ls GETfit
23 error There is likely additional logging output above.
24 verbose exit [ 1, true ]
